mode: set
deifzar/asmm8/pkg/amqpM8/connection_pool.go:75.57,86.2 1 1
deifzar/asmm8/pkg/amqpM8/connection_pool.go:89.140,103.56 4 0
deifzar/asmm8/pkg/amqpM8/connection_pool.go:103.56,106.3 2 0
deifzar/asmm8/pkg/amqpM8/connection_pool.go:109.2,114.18 3 0
deifzar/asmm8/pkg/amqpM8/connection_pool.go:118.59,119.47 1 0
deifzar/asmm8/pkg/amqpM8/connection_pool.go:119.47,121.17 2 0
deifzar/asmm8/pkg/amqpM8/connection_pool.go:121.17,123.4 1 0
deifzar/asmm8/pkg/amqpM8/connection_pool.go:124.3,125.19 2 0
deifzar/asmm8/pkg/amqpM8/connection_pool.go:127.2,127.12 1 0
deifzar/asmm8/pkg/amqpM8/connection_pool.go:131.72,135.64 3 0
deifzar/asmm8/pkg/amqpM8/connection_pool.go:135.64,144.17 4 0
deifzar/asmm8/pkg/amqpM8/connection_pool.go:144.17,145.9 1 0
deifzar/asmm8/pkg/amqpM8/connection_pool.go:148.3,148.41 1 0
deifzar/asmm8/pkg/amqpM8/connection_pool.go:148.41,152.4 2 0
deifzar/asmm8/pkg/amqpM8/connection_pool.go:155.2,155.16 1 0
deifzar/asmm8/pkg/amqpM8/connection_pool.go:155.16,157.3 1 0
deifzar/asmm8/pkg/amqpM8/connection_pool.go:159.2,160.16 2 0
deifzar/asmm8/pkg/amqpM8/connection_pool.go:160.16,163.3 2 0
deifzar/asmm8/pkg/amqpM8/connection_pool.go:165.2,176.24 4 0
deifzar/asmm8/pkg/amqpM8/connection_pool.go:180.61,185.36 3 0
deifzar/asmm8/pkg/amqpM8/connection_pool.go:185.36,187.83 2 0
deifzar/asmm8/pkg/amqpM8/connection_pool.go:187.83,199.4 7 0
deifzar/asmm8/pkg/amqpM8/connection_pool.go:200.3,200.25 1 0
deifzar/asmm8/pkg/amqpM8/connection_pool.go:204.2,204.43 1 0
deifzar/asmm8/pkg/amqpM8/connection_pool.go:204.43,206.17 2 0
deifzar/asmm8/pkg/amqpM8/connection_pool.go:206.17,208.4 1 0
deifzar/asmm8/pkg/amqpM8/connection_pool.go:210.3,219.22 9 0
deifzar/asmm8/pkg/amqpM8/connection_pool.go:222.2,222.89 1 0
deifzar/asmm8/pkg/amqpM8/connection_pool.go:227.59,228.43 1 0
deifzar/asmm8/pkg/amqpM8/connection_pool.go:228.43,239.3 7 0
deifzar/asmm8/pkg/amqpM8/connection_pool.go:243.79,244.32 1 0
deifzar/asmm8/pkg/amqpM8/connection_pool.go:244.32,246.3 1 0
deifzar/asmm8/pkg/amqpM8/connection_pool.go:249.2,249.61 1 0
deifzar/asmm8/pkg/amqpM8/connection_pool.go:249.61,251.3 1 0
deifzar/asmm8/pkg/amqpM8/connection_pool.go:254.2,254.60 1 0
deifzar/asmm8/pkg/amqpM8/connection_pool.go:254.60,256.3 1 0
deifzar/asmm8/pkg/amqpM8/connection_pool.go:258.2,258.13 1 0
deifzar/asmm8/pkg/amqpM8/connection_pool.go:262.45,265.12 2 0
deifzar/asmm8/pkg/amqpM8/connection_pool.go:265.12,268.7 2 0
deifzar/asmm8/pkg/amqpM8/connection_pool.go:268.7,269.11 1 0
deifzar/asmm8/pkg/amqpM8/connection_pool.go:270.24,271.11 1 0
deifzar/asmm8/pkg/amqpM8/connection_pool.go:272.28,273.20 1 0
deifzar/asmm8/pkg/amqpM8/connection_pool.go:280.40,287.36 5 0
deifzar/asmm8/pkg/amqpM8/connection_pool.go:287.36,290.87 2 0
deifzar/asmm8/pkg/amqpM8/connection_pool.go:290.87,293.4 2 0
deifzar/asmm8/pkg/amqpM8/connection_pool.go:293.9,293.34 1 0
deifzar/asmm8/pkg/amqpM8/connection_pool.go:293.34,295.4 1 0
deifzar/asmm8/pkg/amqpM8/connection_pool.go:297.3,297.25 1 0
deifzar/asmm8/pkg/amqpM8/connection_pool.go:301.2,301.40 1 0
deifzar/asmm8/pkg/amqpM8/connection_pool.go:301.40,303.3 1 0
deifzar/asmm8/pkg/amqpM8/connection_pool.go:306.2,307.44 2 0
deifzar/asmm8/pkg/amqpM8/connection_pool.go:307.44,311.31 3 0
deifzar/asmm8/pkg/amqpM8/connection_pool.go:311.31,312.56 1 0
deifzar/asmm8/pkg/amqpM8/connection_pool.go:312.56,316.5 3 0
deifzar/asmm8/pkg/amqpM8/connection_pool.go:316.10,318.5 1 0
deifzar/asmm8/pkg/amqpM8/connection_pool.go:322.2,323.29 1 0
deifzar/asmm8/pkg/amqpM8/connection_pool.go:327.75,329.36 1 0
deifzar/asmm8/pkg/amqpM8/connection_pool.go:329.36,330.33 1 0
deifzar/asmm8/pkg/amqpM8/connection_pool.go:330.33,332.9 2 0
deifzar/asmm8/pkg/amqpM8/connection_pool.go:337.2,338.33 2 0
deifzar/asmm8/pkg/amqpM8/connection_pool.go:338.33,340.3 1 0
deifzar/asmm8/pkg/amqpM8/connection_pool.go:341.2,341.30 1 0
deifzar/asmm8/pkg/amqpM8/connection_pool.go:341.30,343.3 1 0
deifzar/asmm8/pkg/amqpM8/connection_pool.go:344.2,346.20 2 0
deifzar/asmm8/pkg/amqpM8/connection_pool.go:350.54,356.36 4 0
deifzar/asmm8/pkg/amqpM8/connection_pool.go:356.36,358.23 2 0
deifzar/asmm8/pkg/amqpM8/connection_pool.go:358.23,360.4 1 0
deifzar/asmm8/pkg/amqpM8/connection_pool.go:360.9,362.4 1 0
deifzar/asmm8/pkg/amqpM8/connection_pool.go:363.3,363.27 1 0
deifzar/asmm8/pkg/amqpM8/connection_pool.go:363.27,365.4 1 0
deifzar/asmm8/pkg/amqpM8/connection_pool.go:366.3,366.26 1 0
deifzar/asmm8/pkg/amqpM8/connection_pool.go:369.2,377.3 1 0
deifzar/asmm8/pkg/amqpM8/connection_pool.go:381.34,386.27 3 0
deifzar/asmm8/pkg/amqpM8/connection_pool.go:386.27,388.3 1 0
deifzar/asmm8/pkg/amqpM8/connection_pool.go:390.2,393.36 3 0
deifzar/asmm8/pkg/amqpM8/connection_pool.go:393.36,395.32 2 0
deifzar/asmm8/pkg/amqpM8/connection_pool.go:395.32,397.4 1 0
deifzar/asmm8/pkg/amqpM8/connection_pool.go:398.3,398.29 1 0
deifzar/asmm8/pkg/amqpM8/connection_pool.go:398.29,400.4 1 0
deifzar/asmm8/pkg/amqpM8/connection_pool.go:401.3,401.25 1 0
deifzar/asmm8/pkg/amqpM8/connection_pool.go:404.2,405.54 2 0
deifzar/asmm8/pkg/amqpM8/initialization.go:11.39,13.16 2 0
deifzar/asmm8/pkg/amqpM8/initialization.go:13.16,15.3 1 0
deifzar/asmm8/pkg/amqpM8/initialization.go:17.2,35.32 6 0
deifzar/asmm8/pkg/amqpM8/initialization.go:35.32,37.3 1 0
deifzar/asmm8/pkg/amqpM8/initialization.go:38.2,38.32 1 0
deifzar/asmm8/pkg/amqpM8/initialization.go:38.32,40.3 1 0
deifzar/asmm8/pkg/amqpM8/initialization.go:41.2,41.29 1 0
deifzar/asmm8/pkg/amqpM8/initialization.go:41.29,43.3 1 0
deifzar/asmm8/pkg/amqpM8/initialization.go:44.2,44.29 1 0
deifzar/asmm8/pkg/amqpM8/initialization.go:44.29,46.3 1 0
deifzar/asmm8/pkg/amqpM8/initialization.go:47.2,47.35 1 0
deifzar/asmm8/pkg/amqpM8/initialization.go:47.35,49.3 1 0
deifzar/asmm8/pkg/amqpM8/initialization.go:50.2,50.35 1 0
deifzar/asmm8/pkg/amqpM8/initialization.go:50.35,52.3 1 0
deifzar/asmm8/pkg/amqpM8/initialization.go:53.2,53.31 1 0
deifzar/asmm8/pkg/amqpM8/initialization.go:53.31,55.3 1 0
deifzar/asmm8/pkg/amqpM8/initialization.go:56.2,56.28 1 0
deifzar/asmm8/pkg/amqpM8/initialization.go:56.28,58.3 1 0
deifzar/asmm8/pkg/amqpM8/initialization.go:60.2,62.16 3 0
deifzar/asmm8/pkg/amqpM8/initialization.go:62.16,64.3 1 0
deifzar/asmm8/pkg/amqpM8/initialization.go:66.2,69.12 2 0
deifzar/asmm8/pkg/amqpM8/initialization.go:73.30,77.2 3 0
deifzar/asmm8/pkg/amqpM8/initialization.go:80.51,85.36 4 0
deifzar/asmm8/pkg/amqpM8/initialization.go:85.36,95.3 1 0
deifzar/asmm8/pkg/amqpM8/initialization.go:97.2,97.21 1 0
deifzar/asmm8/pkg/amqpM8/pool_manager.go:21.48,22.24 1 1
deifzar/asmm8/pkg/amqpM8/pool_manager.go:22.24,26.3 1 1
deifzar/asmm8/pkg/amqpM8/pool_manager.go:27.2,27.22 1 1
deifzar/asmm8/pkg/amqpM8/pool_manager.go:31.140,35.41 3 0
deifzar/asmm8/pkg/amqpM8/pool_manager.go:35.41,37.3 1 0
deifzar/asmm8/pkg/amqpM8/pool_manager.go:39.2,40.16 2 0
deifzar/asmm8/pkg/amqpM8/pool_manager.go:40.16,42.3 1 0
deifzar/asmm8/pkg/amqpM8/pool_manager.go:44.2,47.12 3 0
deifzar/asmm8/pkg/amqpM8/pool_manager.go:51.84,56.13 4 1
deifzar/asmm8/pkg/amqpM8/pool_manager.go:56.13,58.3 1 1
deifzar/asmm8/pkg/amqpM8/pool_manager.go:60.2,60.18 1 0
deifzar/asmm8/pkg/amqpM8/pool_manager.go:64.90,66.16 2 1
deifzar/asmm8/pkg/amqpM8/pool_manager.go:66.16,68.3 1 1
deifzar/asmm8/pkg/amqpM8/pool_manager.go:70.2,70.19 1 0
deifzar/asmm8/pkg/amqpM8/pool_manager.go:74.96,76.16 2 1
deifzar/asmm8/pkg/amqpM8/pool_manager.go:76.16,78.3 1 1
deifzar/asmm8/pkg/amqpM8/pool_manager.go:80.2,81.12 2 0
deifzar/asmm8/pkg/amqpM8/pool_manager.go:85.79,90.35 4 1
deifzar/asmm8/pkg/amqpM8/pool_manager.go:90.35,92.3 1 0
deifzar/asmm8/pkg/amqpM8/pool_manager.go:94.2,94.14 1 1
deifzar/asmm8/pkg/amqpM8/pool_manager.go:98.89,100.16 2 1
deifzar/asmm8/pkg/amqpM8/pool_manager.go:100.16,102.3 1 1
deifzar/asmm8/pkg/amqpM8/pool_manager.go:104.2,104.26 1 0
deifzar/asmm8/pkg/amqpM8/pool_manager.go:108.51,113.29 4 1
deifzar/asmm8/pkg/amqpM8/pool_manager.go:113.29,115.3 1 0
deifzar/asmm8/pkg/amqpM8/pool_manager.go:117.2,117.14 1 1
deifzar/asmm8/pkg/amqpM8/pool_manager.go:121.59,126.13 4 1
deifzar/asmm8/pkg/amqpM8/pool_manager.go:126.13,128.3 1 1
deifzar/asmm8/pkg/amqpM8/pool_manager.go:130.2,134.12 4 0
deifzar/asmm8/pkg/amqpM8/pool_manager.go:138.46,144.35 4 0
deifzar/asmm8/pkg/amqpM8/pool_manager.go:144.35,147.3 2 0
deifzar/asmm8/pkg/amqpM8/pool_manager.go:149.2,150.59 2 0
deifzar/asmm8/pkg/amqpM8/pool_manager.go:154.52,157.32 3 1
deifzar/asmm8/pkg/amqpM8/pool_manager.go:157.32,159.3 1 0
deifzar/asmm8/pkg/amqpM8/pool_manager.go:160.2,162.29 2 1
deifzar/asmm8/pkg/amqpM8/pool_manager.go:162.29,164.3 1 0
deifzar/asmm8/pkg/amqpM8/pool_manager.go:168.58,171.2 2 1
deifzar/asmm8/pkg/amqpM8/pool_manager.go:174.69,176.16 2 1
deifzar/asmm8/pkg/amqpM8/pool_manager.go:176.16,180.3 3 1
deifzar/asmm8/pkg/amqpM8/pool_manager.go:183.2,183.15 1 0
deifzar/asmm8/pkg/amqpM8/pool_manager.go:183.15,184.47 1 0
deifzar/asmm8/pkg/amqpM8/pool_manager.go:184.47,186.4 1 0
deifzar/asmm8/pkg/amqpM8/pool_manager.go:189.2,189.17 1 0
deifzar/asmm8/pkg/amqpM8/pooled_amqp.go:93.84,102.2 1 0
deifzar/asmm8/pkg/amqpM8/pooled_amqp.go:105.90,107.2 1 0
deifzar/asmm8/pkg/amqpM8/pooled_amqp.go:110.49,112.2 1 0
deifzar/asmm8/pkg/amqpM8/pooled_amqp.go:115.67,117.2 1 0
deifzar/asmm8/pkg/amqpM8/pooled_amqp.go:120.67,122.2 1 0
deifzar/asmm8/pkg/amqpM8/pooled_amqp.go:125.55,127.2 1 0
deifzar/asmm8/pkg/amqpM8/pooled_amqp.go:130.80,132.2 1 0
deifzar/asmm8/pkg/amqpM8/pooled_amqp.go:135.107,137.2 1 0
deifzar/asmm8/pkg/amqpM8/pooled_amqp.go:140.108,142.2 1 0
deifzar/asmm8/pkg/amqpM8/pooled_amqp.go:145.70,147.2 1 0
deifzar/asmm8/pkg/amqpM8/pooled_amqp.go:150.70,152.2 1 0
deifzar/asmm8/pkg/amqpM8/pooled_amqp.go:155.76,157.2 1 0
deifzar/asmm8/pkg/amqpM8/pooled_amqp.go:160.102,162.2 1 0
deifzar/asmm8/pkg/amqpM8/pooled_amqp.go:165.113,167.2 1 0
deifzar/asmm8/pkg/amqpM8/pooled_amqp.go:170.58,172.2 1 0
deifzar/asmm8/pkg/amqpM8/pooled_amqp.go:175.57,177.2 1 0
deifzar/asmm8/pkg/amqpM8/pooled_amqp.go:180.86,181.46 1 0
deifzar/asmm8/pkg/amqpM8/pooled_amqp.go:181.46,183.3 1 0
deifzar/asmm8/pkg/amqpM8/pooled_amqp.go:185.2,195.16 3 0
deifzar/asmm8/pkg/amqpM8/pooled_amqp.go:195.16,197.3 1 0
deifzar/asmm8/pkg/amqpM8/pooled_amqp.go:199.2,205.12 4 0
deifzar/asmm8/pkg/amqpM8/pooled_amqp.go:209.121,220.16 3 0
deifzar/asmm8/pkg/amqpM8/pooled_amqp.go:220.16,222.3 1 0
deifzar/asmm8/pkg/amqpM8/pooled_amqp.go:224.2,226.23 2 0
deifzar/asmm8/pkg/amqpM8/pooled_amqp.go:226.23,233.17 3 0
deifzar/asmm8/pkg/amqpM8/pooled_amqp.go:233.17,235.4 1 0
deifzar/asmm8/pkg/amqpM8/pooled_amqp.go:238.2,239.12 2 0
deifzar/asmm8/pkg/amqpM8/pooled_amqp.go:243.99,246.35 2 0
deifzar/asmm8/pkg/amqpM8/pooled_amqp.go:246.35,254.17 2 0
deifzar/asmm8/pkg/amqpM8/pooled_amqp.go:254.17,256.4 1 0
deifzar/asmm8/pkg/amqpM8/pooled_amqp.go:259.2,261.12 3 0
deifzar/asmm8/pkg/amqpM8/pooled_amqp.go:265.100,276.16 3 0
deifzar/asmm8/pkg/amqpM8/pooled_amqp.go:276.16,280.3 3 0
deifzar/asmm8/pkg/amqpM8/pooled_amqp.go:282.2,282.24 1 0
deifzar/asmm8/pkg/amqpM8/pooled_amqp.go:286.78,298.16 3 0
deifzar/asmm8/pkg/amqpM8/pooled_amqp.go:298.16,302.3 3 0
deifzar/asmm8/pkg/amqpM8/pooled_amqp.go:304.2,305.13 2 0
deifzar/asmm8/pkg/amqpM8/pooled_amqp.go:309.58,316.16 2 0
deifzar/asmm8/pkg/amqpM8/pooled_amqp.go:316.16,320.3 3 0
deifzar/asmm8/pkg/amqpM8/pooled_amqp.go:322.2,325.12 3 0
deifzar/asmm8/pkg/amqpM8/pooled_amqp.go:329.64,332.68 3 0
deifzar/asmm8/pkg/amqpM8/pooled_amqp.go:332.68,336.3 3 0
deifzar/asmm8/pkg/amqpM8/pooled_amqp.go:337.2,338.16 2 0
deifzar/asmm8/pkg/amqpM8/pooled_amqp.go:338.16,342.3 3 0
deifzar/asmm8/pkg/amqpM8/pooled_amqp.go:344.2,347.12 3 0
deifzar/asmm8/pkg/amqpM8/pooled_amqp.go:351.104,360.16 3 0
deifzar/asmm8/pkg/amqpM8/pooled_amqp.go:360.16,362.3 1 0
deifzar/asmm8/pkg/amqpM8/pooled_amqp.go:364.2,379.16 4 0
deifzar/asmm8/pkg/amqpM8/pooled_amqp.go:379.16,384.3 3 0
deifzar/asmm8/pkg/amqpM8/pooled_amqp.go:386.2,386.12 1 0
deifzar/asmm8/pkg/amqpM8/pooled_amqp.go:390.82,392.2 1 0
deifzar/asmm8/pkg/amqpM8/pooled_amqp.go:395.114,405.16 2 0
deifzar/asmm8/pkg/amqpM8/pooled_amqp.go:405.16,408.3 2 0
deifzar/asmm8/pkg/amqpM8/pooled_amqp.go:410.2,416.12 4 0
deifzar/asmm8/pkg/amqpM8/pooled_amqp.go:416.12,417.16 1 0
deifzar/asmm8/pkg/amqpM8/pooled_amqp.go:417.16,418.32 1 0
deifzar/asmm8/pkg/amqpM8/pooled_amqp.go:418.32,422.5 3 0
deifzar/asmm8/pkg/amqpM8/pooled_amqp.go:422.10,425.5 1 0
deifzar/asmm8/pkg/amqpM8/pooled_amqp.go:426.4,426.40 1 0
deifzar/asmm8/pkg/amqpM8/pooled_amqp.go:429.3,429.7 1 0
deifzar/asmm8/pkg/amqpM8/pooled_amqp.go:429.7,430.11 1 0
deifzar/asmm8/pkg/amqpM8/pooled_amqp.go:431.22,433.58 2 0
deifzar/asmm8/pkg/amqpM8/pooled_amqp.go:433.58,435.6 1 0
deifzar/asmm8/pkg/amqpM8/pooled_amqp.go:436.5,436.11 1 0
deifzar/asmm8/pkg/amqpM8/pooled_amqp.go:438.27,439.12 1 0
deifzar/asmm8/pkg/amqpM8/pooled_amqp.go:439.12,446.6 4 0
deifzar/asmm8/pkg/amqpM8/pooled_amqp.go:448.5,450.71 2 0
deifzar/asmm8/pkg/amqpM8/pooled_amqp.go:450.71,451.41 1 0
deifzar/asmm8/pkg/amqpM8/pooled_amqp.go:451.41,456.19 3 0
deifzar/asmm8/pkg/amqpM8/pooled_amqp.go:456.19,458.60 2 0
deifzar/asmm8/pkg/amqpM8/pooled_amqp.go:458.60,460.9 1 0
deifzar/asmm8/pkg/amqpM8/pooled_amqp.go:462.12,467.7 2 0
deifzar/asmm8/pkg/amqpM8/pooled_amqp.go:468.11,473.18 3 0
deifzar/asmm8/pkg/amqpM8/pooled_amqp.go:473.18,475.60 2 0
deifzar/asmm8/pkg/amqpM8/pooled_amqp.go:475.60,477.8 1 0
deifzar/asmm8/pkg/amqpM8/pooled_amqp.go:485.2,485.15 1 0
deifzar/asmm8/pkg/amqpM8/pooled_amqp.go:489.116,492.12 2 0
deifzar/asmm8/pkg/amqpM8/pooled_amqp.go:492.12,497.7 4 0
deifzar/asmm8/pkg/amqpM8/pooled_amqp.go:497.7,498.11 1 0
deifzar/asmm8/pkg/amqpM8/pooled_amqp.go:499.22,501.11 2 0
deifzar/asmm8/pkg/amqpM8/pooled_amqp.go:502.12,506.35 2 0
deifzar/asmm8/pkg/amqpM8/pooled_amqp.go:506.35,508.57 2 0
deifzar/asmm8/pkg/amqpM8/pooled_amqp.go:508.57,510.76 2 0
deifzar/asmm8/pkg/amqpM8/pooled_amqp.go:510.76,513.8 1 0
deifzar/asmm8/pkg/amqpM8/pooled_amqp.go:513.13,515.8 1 0
deifzar/asmm8/pkg/amqpM8/pooled_amqp.go:520.5,524.25 3 0
deifzar/asmm8/pkg/amqpM8/pooled_amqp.go:524.25,528.49 2 0
deifzar/asmm8/pkg/amqpM8/pooled_amqp.go:528.49,533.43 4 0
deifzar/asmm8/pkg/amqpM8/pooled_amqp.go:533.43,535.8 1 0
deifzar/asmm8/pkg/amqpM8/pooled_amqp.go:536.7,536.15 1 0
deifzar/asmm8/pkg/amqpM8/pooled_amqp.go:539.6,539.107 1 0
deifzar/asmm8/pkg/amqpM8/pooled_amqp.go:543.5,547.19 3 0
deifzar/asmm8/pkg/amqpM8/pooled_amqp.go:547.19,558.42 7 0
deifzar/asmm8/pkg/amqpM8/pooled_amqp.go:558.42,560.7 1 0
deifzar/asmm8/pkg/amqpM8/pooled_amqp.go:561.6,561.14 1 0
deifzar/asmm8/pkg/amqpM8/pooled_amqp.go:564.5,566.11 2 0
deifzar/asmm8/pkg/amqpM8/pooled_amqp.go:571.2,571.12 1 0
deifzar/asmm8/pkg/amqpM8/pooled_amqp.go:575.80,580.28 3 0
deifzar/asmm8/pkg/amqpM8/pooled_amqp.go:580.28,582.3 1 0
deifzar/asmm8/pkg/amqpM8/pooled_amqp.go:584.2,584.69 1 0
deifzar/asmm8/pkg/amqpM8/pooled_amqp.go:588.47,595.33 4 0
deifzar/asmm8/pkg/amqpM8/pooled_amqp.go:595.33,598.3 2 0
deifzar/asmm8/pkg/amqpM8/pooled_amqp.go:599.2,599.30 1 0
deifzar/asmm8/pkg/amqpM8/pooled_amqp.go:599.30,602.3 2 0
deifzar/asmm8/pkg/amqpM8/pooled_amqp.go:605.2,609.16 3 0
deifzar/asmm8/pkg/amqpM8/pooled_amqp.go:609.16,612.3 2 0
deifzar/asmm8/pkg/amqpM8/pooled_amqp.go:615.2,616.16 2 0
deifzar/asmm8/pkg/amqpM8/pooled_amqp.go:616.16,620.3 3 0
deifzar/asmm8/pkg/amqpM8/pooled_amqp.go:623.2,629.12 6 0
deifzar/asmm8/pkg/amqpM8/pooled_amqp.go:635.40,639.2 2 0
deifzar/asmm8/pkg/amqpM8/pooled_amqp.go:643.37,646.2 1 0
deifzar/asmm8/pkg/amqpM8/pooled_amqp.go:650.37,652.2 1 0
deifzar/asmm8/pkg/amqpM8/pooled_amqp.go:655.41,659.2 3 0
deifzar/asmm8/pkg/amqpM8/pooled_amqp.go:661.67,675.30 4 0
deifzar/asmm8/pkg/amqpM8/pooled_amqp.go:675.30,677.3 1 0
deifzar/asmm8/pkg/amqpM8/pooled_amqp.go:679.2,679.15 1 0
deifzar/asmm8/pkg/amqpM8/pooled_amqp.go:683.91,700.2 6 0
deifzar/asmm8/pkg/amqpM8/pooled_amqp.go:702.120,706.62 3 0
deifzar/asmm8/pkg/amqpM8/pooled_amqp.go:706.62,710.15 4 0
deifzar/asmm8/pkg/amqpM8/pooled_amqp.go:710.15,712.4 1 0
deifzar/asmm8/pkg/amqpM8/pooled_amqp.go:716.66,720.62 3 0
deifzar/asmm8/pkg/amqpM8/pooled_amqp.go:720.62,723.3 2 0
deifzar/asmm8/pkg/amqpM8/pooled_amqp.go:726.64,730.62 3 0
deifzar/asmm8/pkg/amqpM8/pooled_amqp.go:730.62,732.3 1 0
deifzar/asmm8/pkg/amqpM8/pooled_amqp.go:735.2,736.107 2 0
deifzar/asmm8/pkg/amqpM8/pooled_amqp.go:739.69,744.45 4 0
deifzar/asmm8/pkg/amqpM8/pooled_amqp.go:744.45,747.3 2 0
deifzar/asmm8/pkg/amqpM8/pooled_amqp.go:748.2,748.15 1 0
deifzar/asmm8/pkg/amqpM8/pooled_amqp.go:751.91,755.62 3 0
deifzar/asmm8/pkg/amqpM8/pooled_amqp.go:755.62,758.3 2 0
deifzar/asmm8/pkg/amqpM8/pooled_amqp.go:759.2,759.19 1 0
deifzar/asmm8/pkg/amqpM8/pooled_amqp.go:762.69,766.2 3 0
deifzar/asmm8/pkg/amqpM8/pooled_amqp.go:769.66,771.2 1 0
deifzar/asmm8/pkg/amqpM8/pooled_amqp.go:773.45,776.37 3 0
deifzar/asmm8/pkg/amqpM8/pooled_amqp.go:776.37,778.3 1 0
deifzar/asmm8/pkg/amqpM8/pooled_amqp.go:779.2,781.37 2 0
deifzar/asmm8/pkg/amqpM8/pooled_amqp.go:781.37,782.50 1 0
deifzar/asmm8/pkg/amqpM8/pooled_amqp.go:782.50,784.4 1 0
deifzar/asmm8/pkg/amqpM8/pooled_amqp.go:788.52,793.45 4 0
deifzar/asmm8/pkg/amqpM8/pooled_amqp.go:793.45,794.22 1 0
deifzar/asmm8/pkg/amqpM8/pooled_amqp.go:794.22,796.4 1 0
deifzar/asmm8/pkg/amqpM8/pooled_amqp.go:798.2,798.15 1 0
deifzar/asmm8/pkg/amqpM8/pooled_amqp.go:801.65,805.62 3 0
deifzar/asmm8/pkg/amqpM8/pooled_amqp.go:805.62,807.3 1 0
deifzar/asmm8/pkg/amqpM8/pooled_amqp.go:808.2,808.14 1 0
deifzar/asmm8/pkg/amqpM8/pooled_amqp.go:812.102,814.21 1 0
deifzar/asmm8/pkg/amqpM8/pooled_amqp.go:814.21,816.17 2 0
deifzar/asmm8/pkg/amqpM8/pooled_amqp.go:816.17,819.4 2 0
deifzar/asmm8/pkg/amqpM8/pooled_amqp.go:820.3,820.102 1 0
deifzar/asmm8/pkg/amqpM8/pooled_amqp.go:824.2,824.67 1 0
deifzar/asmm8/pkg/amqpM8/pooled_amqp.go:824.67,826.3 1 0
deifzar/asmm8/pkg/amqpM8/pooled_amqp.go:828.2,828.16 1 0
deifzar/asmm8/pkg/amqpM8/pooled_amqp.go:828.16,830.3 1 0
deifzar/asmm8/pkg/amqpM8/pooled_amqp.go:830.8,832.3 1 0
deifzar/asmm8/pkg/amqpM8/pooled_amqp.go:836.107,840.20 3 0
deifzar/asmm8/pkg/amqpM8/pooled_amqp.go:840.20,842.17 2 0
deifzar/asmm8/pkg/amqpM8/pooled_amqp.go:842.17,844.4 1 0
deifzar/asmm8/pkg/amqpM8/pooled_amqp.go:848.2,863.3 2 0
deifzar/asmm8/pkg/amqpM8/shared_state.go:24.40,25.28 1 1
deifzar/asmm8/pkg/amqpM8/shared_state.go:25.28,33.3 1 1
deifzar/asmm8/pkg/amqpM8/shared_state.go:34.2,34.26 1 1
deifzar/asmm8/pkg/amqpM8/shared_state.go:38.72,43.45 4 1
deifzar/asmm8/pkg/amqpM8/shared_state.go:43.45,45.40 2 0
deifzar/asmm8/pkg/amqpM8/shared_state.go:45.40,47.4 1 0
deifzar/asmm8/pkg/amqpM8/shared_state.go:49.2,49.15 1 1
deifzar/asmm8/pkg/amqpM8/shared_state.go:52.107,55.35 3 1
deifzar/asmm8/pkg/amqpM8/shared_state.go:55.35,57.3 1 1
deifzar/asmm8/pkg/amqpM8/shared_state.go:58.2,58.43 1 1
deifzar/asmm8/pkg/amqpM8/shared_state.go:61.112,64.62 3 1
deifzar/asmm8/pkg/amqpM8/shared_state.go:64.62,66.3 1 1
deifzar/asmm8/pkg/amqpM8/shared_state.go:67.2,67.21 1 1
deifzar/asmm8/pkg/amqpM8/shared_state.go:71.72,76.49 4 1
deifzar/asmm8/pkg/amqpM8/shared_state.go:76.49,78.48 2 0
deifzar/asmm8/pkg/amqpM8/shared_state.go:78.48,80.4 1 0
deifzar/asmm8/pkg/amqpM8/shared_state.go:82.2,82.15 1 1
deifzar/asmm8/pkg/amqpM8/shared_state.go:85.118,88.37 3 1
deifzar/asmm8/pkg/amqpM8/shared_state.go:88.37,90.3 1 1
deifzar/asmm8/pkg/amqpM8/shared_state.go:91.2,91.77 1 1
deifzar/asmm8/pkg/amqpM8/shared_state.go:94.113,97.66 3 1
deifzar/asmm8/pkg/amqpM8/shared_state.go:97.66,99.3 1 1
deifzar/asmm8/pkg/amqpM8/shared_state.go:100.2,100.12 1 1
deifzar/asmm8/pkg/amqpM8/shared_state.go:104.60,109.46 4 1
deifzar/asmm8/pkg/amqpM8/shared_state.go:109.46,111.3 1 1
deifzar/asmm8/pkg/amqpM8/shared_state.go:112.2,112.15 1 1
deifzar/asmm8/pkg/amqpM8/shared_state.go:115.81,119.2 3 1
deifzar/asmm8/pkg/amqpM8/shared_state.go:121.85,125.2 3 1
deifzar/asmm8/pkg/amqpM8/shared_state.go:128.95,132.2 3 1
deifzar/asmm8/pkg/amqpM8/shared_state.go:134.94,139.2 4 1
deifzar/asmm8/pkg/amqpM8/shared_state.go:141.75,145.2 3 0
deifzar/asmm8/pkg/amqpM8/shared_state.go:147.63,151.2 3 0
deifzar/asmm8/pkg/amqpM8/shared_state.go:153.78,156.35 3 1
deifzar/asmm8/pkg/amqpM8/shared_state.go:156.35,158.3 1 1
deifzar/asmm8/pkg/amqpM8/shared_state.go:159.2,159.71 1 1
deifzar/asmm8/pkg/amqpM8/shared_state.go:162.75,165.57 3 1
deifzar/asmm8/pkg/amqpM8/shared_state.go:165.57,170.3 3 1
deifzar/asmm8/pkg/amqpM8/shared_state.go:171.2,171.12 1 1
deifzar/asmm8/pkg/amqpM8/shared_state.go:174.59,183.43 7 1
deifzar/asmm8/pkg/amqpM8/shared_state.go:183.43,185.35 2 1
deifzar/asmm8/pkg/amqpM8/shared_state.go:185.35,186.18 1 1
deifzar/asmm8/pkg/amqpM8/shared_state.go:186.18,188.5 1 1
deifzar/asmm8/pkg/amqpM8/shared_state.go:192.2,192.41 1 1
deifzar/asmm8/pkg/amqpM8/shared_state.go:192.41,194.34 2 1
deifzar/asmm8/pkg/amqpM8/shared_state.go:194.34,195.18 1 1
deifzar/asmm8/pkg/amqpM8/shared_state.go:195.18,197.5 1 1
deifzar/asmm8/pkg/amqpM8/shared_state.go:201.2,201.32 1 1
deifzar/asmm8/pkg/amqpM8/shared_state.go:201.32,202.17 1 1
deifzar/asmm8/pkg/amqpM8/shared_state.go:202.17,204.4 1 1
deifzar/asmm8/pkg/amqpM8/shared_state.go:207.2,207.31 1 1
deifzar/asmm8/pkg/amqpM8/shared_state.go:207.31,208.17 1 1
deifzar/asmm8/pkg/amqpM8/shared_state.go:208.17,210.4 1 1
deifzar/asmm8/pkg/amqpM8/shared_state.go:213.2,216.26 4 1
deifzar/asmm8/pkg/amqpM8/shared_state.go:219.62,222.40 3 1
deifzar/asmm8/pkg/amqpM8/shared_state.go:222.40,223.31 1 1
deifzar/asmm8/pkg/amqpM8/shared_state.go:223.31,224.18 1 1
deifzar/asmm8/pkg/amqpM8/shared_state.go:224.18,226.5 1 1
deifzar/asmm8/pkg/amqpM8/shared_state.go:232.67,235.35 3 1
deifzar/asmm8/pkg/amqpM8/shared_state.go:235.35,237.3 1 1
deifzar/asmm8/pkg/amqpM8/shared_state.go:238.2,238.37 1 1
deifzar/asmm8/pkg/amqpM8/shared_state.go:238.37,240.3 1 1
deifzar/asmm8/pkg/db8/db8.go:21.70,28.2 6 0
deifzar/asmm8/pkg/db8/db8.go:30.37,32.2 1 0
deifzar/asmm8/pkg/db8/db8.go:34.36,36.2 1 0
deifzar/asmm8/pkg/db8/db8.go:38.37,40.2 1 0
deifzar/asmm8/pkg/db8/db8.go:42.36,44.2 1 0
deifzar/asmm8/pkg/db8/db8.go:46.37,48.2 1 0
deifzar/asmm8/pkg/db8/db8.go:50.36,52.2 1 0
deifzar/asmm8/pkg/db8/db8.go:54.44,58.2 1 0
deifzar/asmm8/pkg/db8/db8.go:60.49,62.44 2 0
deifzar/asmm8/pkg/db8/db8.go:62.44,65.17 3 0
deifzar/asmm8/pkg/db8/db8.go:65.17,67.9 2 0
deifzar/asmm8/pkg/db8/db8.go:69.3,69.19 1 0
deifzar/asmm8/pkg/db8/db8.go:69.19,72.4 2 0
deifzar/asmm8/pkg/db8/db8.go:73.3,74.30 2 0
deifzar/asmm8/pkg/db8/db8.go:77.2,77.16 1 0
deifzar/asmm8/pkg/db8/db8_domain8.go:16.52,18.2 1 1
deifzar/asmm8/pkg/db8/db8_domain8.go:20.63,22.16 2 1
deifzar/asmm8/pkg/db8/db8_domain8.go:22.16,25.3 2 0
deifzar/asmm8/pkg/db8/db8_domain8.go:26.2,27.16 2 1
deifzar/asmm8/pkg/db8/db8_domain8.go:27.16,31.3 3 1
deifzar/asmm8/pkg/db8/db8_domain8.go:32.2,33.16 2 1
deifzar/asmm8/pkg/db8/db8_domain8.go:33.16,36.3 2 0
deifzar/asmm8/pkg/db8/db8_domain8.go:37.2,37.18 1 1
deifzar/asmm8/pkg/db8/db8_domain8.go:40.63,42.16 2 1
deifzar/asmm8/pkg/db8/db8_domain8.go:42.16,45.3 2 1
deifzar/asmm8/pkg/db8/db8_domain8.go:46.2,47.18 2 1
deifzar/asmm8/pkg/db8/db8_domain8.go:47.18,48.20 1 1
deifzar/asmm8/pkg/db8/db8_domain8.go:48.20,56.18 3 1
deifzar/asmm8/pkg/db8/db8_domain8.go:56.18,59.5 2 0
deifzar/asmm8/pkg/db8/db8_domain8.go:60.4,61.32 2 1
deifzar/asmm8/pkg/db8/db8_domain8.go:64.2,64.21 1 1
deifzar/asmm8/pkg/db8/db8_domain8.go:67.64,69.16 2 1
deifzar/asmm8/pkg/db8/db8_domain8.go:69.16,72.3 2 0
deifzar/asmm8/pkg/db8/db8_domain8.go:73.2,74.18 2 1
deifzar/asmm8/pkg/db8/db8_domain8.go:74.18,75.20 1 1
deifzar/asmm8/pkg/db8/db8_domain8.go:75.20,83.18 3 1
deifzar/asmm8/pkg/db8/db8_domain8.go:83.18,86.5 2 0
deifzar/asmm8/pkg/db8/db8_domain8.go:87.4,88.32 2 1
deifzar/asmm8/pkg/db8/db8_domain8.go:91.2,91.21 1 1
deifzar/asmm8/pkg/db8/db8_domain8.go:94.42,96.16 2 1
deifzar/asmm8/pkg/db8/db8_domain8.go:96.16,97.27 1 1
deifzar/asmm8/pkg/db8/db8_domain8.go:97.27,99.4 1 0
deifzar/asmm8/pkg/db8/db8_domain8.go:100.3,100.15 1 1
deifzar/asmm8/pkg/db8/db8_domain8.go:102.2,102.13 1 0
deifzar/asmm8/pkg/db8/db8_domain8.go:105.73,107.16 2 1
deifzar/asmm8/pkg/db8/db8_domain8.go:107.16,110.3 2 0
deifzar/asmm8/pkg/db8/db8_domain8.go:111.2,112.18 2 1
deifzar/asmm8/pkg/db8/db8_domain8.go:112.18,113.20 1 1
deifzar/asmm8/pkg/db8/db8_domain8.go:113.20,121.18 3 1
deifzar/asmm8/pkg/db8/db8_domain8.go:121.18,124.5 2 0
deifzar/asmm8/pkg/db8/db8_domain8.go:125.4,125.91 1 1
deifzar/asmm8/pkg/db8/db8_domain8.go:128.2,128.20 1 1
deifzar/asmm8/pkg/db8/db8_domain8.go:131.74,133.16 2 1
deifzar/asmm8/pkg/db8/db8_domain8.go:133.16,136.3 2 1
deifzar/asmm8/pkg/db8/db8_domain8.go:137.2,138.16 2 1
deifzar/asmm8/pkg/db8/db8_domain8.go:138.16,141.3 2 0
deifzar/asmm8/pkg/db8/db8_domain8.go:142.2,145.17 3 1
deifzar/asmm8/pkg/db8/db8_domain8.go:145.17,149.3 3 1
deifzar/asmm8/pkg/db8/db8_domain8.go:150.2,151.16 2 1
deifzar/asmm8/pkg/db8/db8_domain8.go:151.16,155.3 3 0
deifzar/asmm8/pkg/db8/db8_domain8.go:156.2,156.18 1 1
deifzar/asmm8/pkg/db8/db8_domain8.go:159.98,161.16 2 1
deifzar/asmm8/pkg/db8/db8_domain8.go:161.16,164.3 2 0
deifzar/asmm8/pkg/db8/db8_domain8.go:166.2,167.16 2 1
deifzar/asmm8/pkg/db8/db8_domain8.go:167.16,170.3 2 0
deifzar/asmm8/pkg/db8/db8_domain8.go:171.2,172.17 2 1
deifzar/asmm8/pkg/db8/db8_domain8.go:172.17,176.3 3 0
deifzar/asmm8/pkg/db8/db8_domain8.go:177.2,178.16 2 1
deifzar/asmm8/pkg/db8/db8_domain8.go:178.16,182.3 3 0
deifzar/asmm8/pkg/db8/db8_domain8.go:183.2,185.16 3 1
deifzar/asmm8/pkg/db8/db8_domain8.go:185.16,188.3 2 0
deifzar/asmm8/pkg/db8/db8_domain8.go:189.2,189.15 1 1
deifzar/asmm8/pkg/db8/db8_generalscansettings.go:16.77,18.2 1 0
deifzar/asmm8/pkg/db8/db8_generalscansettings.go:20.77,22.16 2 0
deifzar/asmm8/pkg/db8/db8_generalscansettings.go:22.16,25.3 2 0
deifzar/asmm8/pkg/db8/db8_generalscansettings.go:26.2,27.18 2 0
deifzar/asmm8/pkg/db8/db8_generalscansettings.go:27.18,28.19 1 0
deifzar/asmm8/pkg/db8/db8_generalscansettings.go:28.19,34.18 3 0
deifzar/asmm8/pkg/db8/db8_generalscansettings.go:34.18,37.5 2 0
deifzar/asmm8/pkg/db8/db8_generalscansettings.go:38.4,38.76 1 0
deifzar/asmm8/pkg/db8/db8_generalscansettings.go:41.2,41.29 1 0
deifzar/asmm8/pkg/db8/db8_hostname8.go:17.56,19.2 1 1
deifzar/asmm8/pkg/db8/db8_hostname8.go:21.71,23.16 2 1
deifzar/asmm8/pkg/db8/db8_hostname8.go:23.16,26.3 2 0
deifzar/asmm8/pkg/db8/db8_hostname8.go:27.2,28.16 2 1
deifzar/asmm8/pkg/db8/db8_hostname8.go:28.16,32.3 3 1
deifzar/asmm8/pkg/db8/db8_hostname8.go:33.2,34.16 2 1
deifzar/asmm8/pkg/db8/db8_hostname8.go:34.16,37.3 2 0
deifzar/asmm8/pkg/db8/db8_hostname8.go:38.2,38.18 1 1
deifzar/asmm8/pkg/db8/db8_hostname8.go:41.78,43.16 2 1
deifzar/asmm8/pkg/db8/db8_hostname8.go:43.16,46.3 2 0
deifzar/asmm8/pkg/db8/db8_hostname8.go:47.2,48.16 2 1
deifzar/asmm8/pkg/db8/db8_hostname8.go:48.16,52.3 3 0
deifzar/asmm8/pkg/db8/db8_hostname8.go:53.2,54.16 2 1
deifzar/asmm8/pkg/db8/db8_hostname8.go:54.16,57.3 2 0
deifzar/asmm8/pkg/db8/db8_hostname8.go:58.2,58.18 1 1
deifzar/asmm8/pkg/db8/db8_hostname8.go:61.72,63.16 2 1
deifzar/asmm8/pkg/db8/db8_hostname8.go:63.16,66.3 2 0
deifzar/asmm8/pkg/db8/db8_hostname8.go:67.2,68.16 2 1
deifzar/asmm8/pkg/db8/db8_hostname8.go:68.16,72.3 3 0
deifzar/asmm8/pkg/db8/db8_hostname8.go:73.2,74.16 2 1
deifzar/asmm8/pkg/db8/db8_hostname8.go:74.16,78.3 3 0
deifzar/asmm8/pkg/db8/db8_hostname8.go:79.2,79.18 1 1
deifzar/asmm8/pkg/db8/db8_hostname8.go:82.69,84.16 2 1
deifzar/asmm8/pkg/db8/db8_hostname8.go:84.16,87.3 2 1
deifzar/asmm8/pkg/db8/db8_hostname8.go:88.2,89.18 2 1
deifzar/asmm8/pkg/db8/db8_hostname8.go:89.18,90.20 1 1
deifzar/asmm8/pkg/db8/db8_hostname8.go:90.20,100.18 3 1
deifzar/asmm8/pkg/db8/db8_hostname8.go:100.18,103.5 2 0
deifzar/asmm8/pkg/db8/db8_hostname8.go:104.4,105.36 2 1
deifzar/asmm8/pkg/db8/db8_hostname8.go:108.2,108.23 1 1
deifzar/asmm8/pkg/db8/db8_hostname8.go:111.97,113.16 2 1
deifzar/asmm8/pkg/db8/db8_hostname8.go:113.16,116.3 2 0
deifzar/asmm8/pkg/db8/db8_hostname8.go:117.2,118.18 2 1
deifzar/asmm8/pkg/db8/db8_hostname8.go:118.18,119.20 1 1
deifzar/asmm8/pkg/db8/db8_hostname8.go:119.20,129.18 3 1
deifzar/asmm8/pkg/db8/db8_hostname8.go:129.18,132.5 2 0
deifzar/asmm8/pkg/db8/db8_hostname8.go:133.4,134.36 2 1
deifzar/asmm8/pkg/db8/db8_hostname8.go:137.2,137.23 1 1
deifzar/asmm8/pkg/db8/db8_hostname8.go:140.93,142.16 2 1
deifzar/asmm8/pkg/db8/db8_hostname8.go:142.16,145.3 2 0
deifzar/asmm8/pkg/db8/db8_hostname8.go:146.2,147.18 2 1
deifzar/asmm8/pkg/db8/db8_hostname8.go:147.18,148.20 1 1
deifzar/asmm8/pkg/db8/db8_hostname8.go:148.20,153.18 3 1
deifzar/asmm8/pkg/db8/db8_hostname8.go:153.18,156.5 2 0
deifzar/asmm8/pkg/db8/db8_hostname8.go:157.4,157.25 1 1
deifzar/asmm8/pkg/db8/db8_hostname8.go:160.2,160.17 1 1
deifzar/asmm8/pkg/db8/db8_hostname8.go:163.114,165.16 2 1
deifzar/asmm8/pkg/db8/db8_hostname8.go:165.16,168.3 2 0
deifzar/asmm8/pkg/db8/db8_hostname8.go:169.2,170.18 2 1
deifzar/asmm8/pkg/db8/db8_hostname8.go:170.18,171.20 1 1
deifzar/asmm8/pkg/db8/db8_hostname8.go:171.20,181.18 3 1
deifzar/asmm8/pkg/db8/db8_hostname8.go:181.18,184.5 2 0
deifzar/asmm8/pkg/db8/db8_hostname8.go:185.4,185.133 1 1
deifzar/asmm8/pkg/db8/db8_hostname8.go:188.2,188.22 1 1
deifzar/asmm8/pkg/db8/db8_hostname8.go:191.84,193.16 2 1
deifzar/asmm8/pkg/db8/db8_hostname8.go:193.16,196.3 2 0
deifzar/asmm8/pkg/db8/db8_hostname8.go:197.2,198.18 2 1
deifzar/asmm8/pkg/db8/db8_hostname8.go:198.18,199.20 1 1
deifzar/asmm8/pkg/db8/db8_hostname8.go:199.20,209.18 3 1
deifzar/asmm8/pkg/db8/db8_hostname8.go:209.18,212.5 2 0
deifzar/asmm8/pkg/db8/db8_hostname8.go:213.4,213.133 1 1
deifzar/asmm8/pkg/db8/db8_hostname8.go:216.2,216.22 1 1
deifzar/asmm8/pkg/db8/db8_hostname8.go:219.105,221.16 2 1
deifzar/asmm8/pkg/db8/db8_hostname8.go:221.16,224.3 2 1
deifzar/asmm8/pkg/db8/db8_hostname8.go:226.2,227.16 2 1
deifzar/asmm8/pkg/db8/db8_hostname8.go:227.16,230.3 2 0
deifzar/asmm8/pkg/db8/db8_hostname8.go:231.2,234.17 3 1
deifzar/asmm8/pkg/db8/db8_hostname8.go:234.17,238.3 3 0
deifzar/asmm8/pkg/db8/db8_hostname8.go:239.2,240.17 2 1
deifzar/asmm8/pkg/db8/db8_hostname8.go:240.17,244.3 3 0
deifzar/asmm8/pkg/db8/db8_hostname8.go:245.2,247.16 3 1
deifzar/asmm8/pkg/db8/db8_hostname8.go:247.16,250.3 2 0
deifzar/asmm8/pkg/db8/db8_hostname8.go:251.2,251.18 1 1
deifzar/asmm8/pkg/db8/db8_hostname8.go:255.100,258.16 3 1
deifzar/asmm8/pkg/db8/db8_hostname8.go:258.16,260.3 1 0
deifzar/asmm8/pkg/db8/db8_hostname8.go:263.2,270.16 2 1
deifzar/asmm8/pkg/db8/db8_hostname8.go:270.16,273.3 2 0
deifzar/asmm8/pkg/db8/db8_hostname8.go:274.2,277.26 3 1
deifzar/asmm8/pkg/db8/db8_hostname8.go:277.26,279.18 2 1
deifzar/asmm8/pkg/db8/db8_hostname8.go:279.18,283.4 3 0
deifzar/asmm8/pkg/db8/db8_hostname8.go:286.3,286.24 1 1
deifzar/asmm8/pkg/db8/db8_hostname8.go:286.24,288.16 2 1
deifzar/asmm8/pkg/db8/db8_hostname8.go:288.16,290.5 1 1
deifzar/asmm8/pkg/db8/db8_hostname8.go:294.2,295.17 2 1
deifzar/asmm8/pkg/db8/db8_hostname8.go:295.17,299.3 3 0
deifzar/asmm8/pkg/db8/db8_hostname8.go:300.2,300.30 1 1
deifzar/asmm8/pkg/db8/db8_hostname8.go:303.116,305.16 2 1
deifzar/asmm8/pkg/db8/db8_hostname8.go:305.16,308.3 2 0
deifzar/asmm8/pkg/db8/db8_hostname8.go:309.2,310.16 2 1
deifzar/asmm8/pkg/db8/db8_hostname8.go:310.16,314.3 3 0
deifzar/asmm8/pkg/db8/db8_hostname8.go:315.2,316.16 2 1
deifzar/asmm8/pkg/db8/db8_hostname8.go:316.16,319.3 2 0
deifzar/asmm8/pkg/db8/db8_hostname8.go:320.2,322.16 3 1
deifzar/asmm8/pkg/db8/db8_hostname8.go:322.16,325.3 2 0
deifzar/asmm8/pkg/db8/db8_hostname8.go:326.2,326.15 1 1
deifzar/asmm8/pkg/db8/db8_hostname8.go:329.96,331.16 2 1
deifzar/asmm8/pkg/db8/db8_hostname8.go:331.16,334.3 2 0
deifzar/asmm8/pkg/db8/db8_hostname8.go:335.2,336.16 2 1
deifzar/asmm8/pkg/db8/db8_hostname8.go:336.16,340.3 3 0
deifzar/asmm8/pkg/db8/db8_hostname8.go:341.2,342.16 2 1
deifzar/asmm8/pkg/db8/db8_hostname8.go:342.16,345.3 2 0
deifzar/asmm8/pkg/db8/db8_hostname8.go:346.2,346.18 1 1
deifzar/asmm8/pkg/db8/db8_hostname8.go:349.85,351.16 2 1
deifzar/asmm8/pkg/db8/db8_hostname8.go:351.16,354.3 2 0
deifzar/asmm8/pkg/db8/db8_hostname8.go:355.2,356.16 2 1
deifzar/asmm8/pkg/db8/db8_hostname8.go:356.16,360.3 3 0
deifzar/asmm8/pkg/db8/db8_hostname8.go:361.2,362.16 2 1
deifzar/asmm8/pkg/db8/db8_hostname8.go:362.16,365.3 2 0
deifzar/asmm8/pkg/db8/db8_hostname8.go:366.2,366.18 1 1
deifzar/asmm8/pkg/cleanup8/cleanup8.go:13.38,15.2 1 1
deifzar/asmm8/pkg/cleanup8/cleanup8.go:17.83,18.87 1 1
deifzar/asmm8/pkg/cleanup8/cleanup8.go:18.87,19.17 1 1
deifzar/asmm8/pkg/cleanup8/cleanup8.go:19.17,22.4 2 1
deifzar/asmm8/pkg/cleanup8/cleanup8.go:25.3,25.19 1 1
deifzar/asmm8/pkg/cleanup8/cleanup8.go:25.19,27.4 1 1
deifzar/asmm8/pkg/cleanup8/cleanup8.go:30.3,30.42 1 1
deifzar/asmm8/pkg/cleanup8/cleanup8.go:30.42,32.42 2 1
deifzar/asmm8/pkg/cleanup8/cleanup8.go:32.42,35.5 2 0
deifzar/asmm8/pkg/cleanup8/cleanup8.go:36.4,36.82 1 1
deifzar/asmm8/pkg/cleanup8/cleanup8.go:38.3,38.13 1 1
deifzar/asmm8/pkg/configparser/configparser.go:10.47,16.42 6 1
deifzar/asmm8/pkg/configparser/configparser.go:16.42,18.3 1 0
deifzar/asmm8/pkg/configparser/configparser.go:19.2,22.15 3 1
deifzar/asmm8/pkg/notification8/notification8.go:20.161,35.16 4 0
deifzar/asmm8/pkg/notification8/notification8.go:35.16,37.3 1 0
deifzar/asmm8/pkg/notification8/notification8.go:39.2,40.16 2 0
deifzar/asmm8/pkg/notification8/notification8.go:40.16,43.3 2 0
deifzar/asmm8/pkg/notification8/notification8.go:45.2,45.12 1 0
deifzar/asmm8/pkg/notification8/notification8.go:52.118,54.2 1 0
deifzar/asmm8/pkg/notification8/notification8.go:57.117,59.2 1 0
deifzar/asmm8/pkg/notification8/notification8.go:62.113,64.2 1 0
deifzar/asmm8/pkg/notification8/notification8.go:67.115,69.2 1 0
deifzar/asmm8/pkg/orchestrator8/orchestrator8.go:27.57,29.16 2 0
deifzar/asmm8/pkg/orchestrator8/orchestrator8.go:29.16,31.3 1 0
deifzar/asmm8/pkg/orchestrator8/orchestrator8.go:34.2,36.47 3 0
deifzar/asmm8/pkg/orchestrator8/orchestrator8.go:36.47,37.28 1 0
deifzar/asmm8/pkg/orchestrator8/orchestrator8.go:37.28,39.9 2 0
deifzar/asmm8/pkg/orchestrator8/orchestrator8.go:43.2,43.17 1 0
deifzar/asmm8/pkg/orchestrator8/orchestrator8.go:43.17,45.17 2 0
deifzar/asmm8/pkg/orchestrator8/orchestrator8.go:45.17,48.4 2 0
deifzar/asmm8/pkg/orchestrator8/orchestrator8.go:51.2,52.15 2 0
deifzar/asmm8/pkg/orchestrator8/orchestrator8.go:55.50,58.80 2 0
deifzar/asmm8/pkg/orchestrator8/orchestrator8.go:58.80,59.41 1 0
deifzar/asmm8/pkg/orchestrator8/orchestrator8.go:59.41,61.18 2 0
deifzar/asmm8/pkg/orchestrator8/orchestrator8.go:61.18,64.5 2 0
deifzar/asmm8/pkg/orchestrator8/orchestrator8.go:66.3,66.13 1 0
deifzar/asmm8/pkg/orchestrator8/orchestrator8.go:70.81,73.80 2 0
deifzar/asmm8/pkg/orchestrator8/orchestrator8.go:73.80,76.3 2 0
deifzar/asmm8/pkg/orchestrator8/orchestrator8.go:78.2,78.16 1 0
deifzar/asmm8/pkg/orchestrator8/orchestrator8.go:78.16,82.3 3 0
deifzar/asmm8/pkg/orchestrator8/orchestrator8.go:84.2,84.15 1 0
deifzar/asmm8/pkg/orchestrator8/orchestrator8.go:87.93,90.80 2 0
deifzar/asmm8/pkg/orchestrator8/orchestrator8.go:90.80,94.3 3 0
deifzar/asmm8/pkg/orchestrator8/orchestrator8.go:96.2,96.16 1 0
deifzar/asmm8/pkg/orchestrator8/orchestrator8.go:96.16,100.3 3 0
deifzar/asmm8/pkg/orchestrator8/orchestrator8.go:102.2,102.15 1 0
deifzar/asmm8/pkg/orchestrator8/orchestrator8.go:105.76,108.2 2 0
deifzar/asmm8/pkg/orchestrator8/orchestrator8.go:110.120,111.42 1 0
deifzar/asmm8/pkg/orchestrator8/orchestrator8.go:111.42,125.21 10 0
deifzar/asmm8/pkg/orchestrator8/orchestrator8.go:126.14,128.18 2 0
deifzar/asmm8/pkg/orchestrator8/orchestrator8.go:128.18,131.5 2 0
deifzar/asmm8/pkg/orchestrator8/orchestrator8.go:134.4,138.18 4 0
deifzar/asmm8/pkg/orchestrator8/orchestrator8.go:138.18,143.5 3 0
deifzar/asmm8/pkg/orchestrator8/orchestrator8.go:144.4,144.27 1 0
deifzar/asmm8/pkg/orchestrator8/orchestrator8.go:146.15,150.18 3 0
deifzar/asmm8/pkg/orchestrator8/orchestrator8.go:150.18,153.5 2 0
deifzar/asmm8/pkg/orchestrator8/orchestrator8.go:155.4,160.18 5 0
deifzar/asmm8/pkg/orchestrator8/orchestrator8.go:160.18,164.5 3 0
deifzar/asmm8/pkg/orchestrator8/orchestrator8.go:165.4,165.27 1 0
deifzar/asmm8/pkg/orchestrator8/orchestrator8.go:167.11,169.64 2 0
deifzar/asmm8/pkg/orchestrator8/orchestrator8.go:171.3,172.13 2 0
deifzar/asmm8/pkg/orchestrator8/orchestrator8.go:176.2,177.16 2 0
deifzar/asmm8/pkg/orchestrator8/orchestrator8.go:177.16,181.3 3 0
deifzar/asmm8/pkg/orchestrator8/orchestrator8.go:183.2,187.17 4 0
deifzar/asmm8/pkg/orchestrator8/orchestrator8.go:191.89,192.81 1 0
deifzar/asmm8/pkg/orchestrator8/orchestrator8.go:192.81,194.16 2 0
deifzar/asmm8/pkg/orchestrator8/orchestrator8.go:194.16,196.4 1 0
deifzar/asmm8/pkg/orchestrator8/orchestrator8.go:198.3,198.21 1 0
deifzar/asmm8/pkg/orchestrator8/orchestrator8.go:198.21,202.4 2 0
deifzar/asmm8/pkg/orchestrator8/orchestrator8.go:205.3,206.36 2 0
deifzar/asmm8/pkg/orchestrator8/orchestrator8.go:211.81,212.81 1 0
deifzar/asmm8/pkg/orchestrator8/orchestrator8.go:212.81,214.16 2 0
deifzar/asmm8/pkg/orchestrator8/orchestrator8.go:214.16,216.4 1 0
deifzar/asmm8/pkg/orchestrator8/orchestrator8.go:218.3,219.46 2 0
deifzar/asmm8/pkg/orchestrator8/orchestrator8.go:223.70,228.16 5 0
deifzar/asmm8/pkg/orchestrator8/orchestrator8.go:228.16,231.3 2 0
deifzar/asmm8/pkg/orchestrator8/orchestrator8.go:233.2,233.80 1 0
deifzar/asmm8/pkg/orchestrator8/orchestrator8.go:233.80,235.17 2 0
deifzar/asmm8/pkg/orchestrator8/orchestrator8.go:235.17,238.4 2 0
deifzar/asmm8/pkg/orchestrator8/orchestrator8.go:239.3,240.17 2 0
deifzar/asmm8/pkg/orchestrator8/orchestrator8.go:240.17,243.4 2 0
deifzar/asmm8/pkg/orchestrator8/orchestrator8.go:244.3,244.13 1 0
deifzar/asmm8/pkg/orchestrator8/orchestrator8.go:248.73,251.16 2 0
deifzar/asmm8/pkg/orchestrator8/orchestrator8.go:251.16,253.3 1 0
deifzar/asmm8/pkg/orchestrator8/orchestrator8.go:254.2,254.64 1 0
deifzar/asmm8/pkg/orchestrator8/orchestrator8.go:257.119,267.16 7 0
deifzar/asmm8/pkg/orchestrator8/orchestrator8.go:267.16,270.3 2 0
deifzar/asmm8/pkg/orchestrator8/orchestrator8.go:272.2,273.16 2 0
deifzar/asmm8/pkg/orchestrator8/orchestrator8.go:273.16,276.3 2 0
deifzar/asmm8/pkg/orchestrator8/orchestrator8.go:278.2,279.12 2 0
deifzar/asmm8/pkg/orchestrator8/orchestrator8.go:283.113,284.40 1 1
deifzar/asmm8/pkg/orchestrator8/orchestrator8.go:284.40,289.3 4 1
deifzar/asmm8/pkg/orchestrator8/orchestrator8.go:291.2,291.81 1 0
deifzar/asmm8/pkg/orchestrator8/orchestrator8.go:291.81,293.17 2 0
deifzar/asmm8/pkg/orchestrator8/orchestrator8.go:293.17,297.4 3 0
deifzar/asmm8/pkg/orchestrator8/orchestrator8.go:298.3,299.13 2 0
deifzar/asmm8/main.go:24.13,28.2 3 0
deifzar/asmm8/pkg/active/active.go:18.77,20.2 1 1
deifzar/asmm8/pkg/active/active.go:22.130,29.39 6 1
deifzar/asmm8/pkg/active/active.go:29.39,34.3 4 0
deifzar/asmm8/pkg/active/active.go:36.2,38.22 2 1
deifzar/asmm8/pkg/active/active.go:38.22,40.3 1 0
deifzar/asmm8/pkg/active/active.go:43.2,44.39 2 1
deifzar/asmm8/pkg/active/active.go:44.39,52.3 5 0
deifzar/asmm8/pkg/active/active.go:55.2,55.39 1 1
deifzar/asmm8/pkg/active/active.go:55.39,62.3 6 0
deifzar/asmm8/pkg/active/active.go:64.2,66.22 2 1
deifzar/asmm8/pkg/active/active.go:66.22,68.3 1 0
deifzar/asmm8/pkg/active/active.go:70.2,71.39 2 1
deifzar/asmm8/pkg/active/active.go:71.39,74.3 2 0
deifzar/asmm8/pkg/active/active.go:76.2,76.31 1 1
deifzar/asmm8/cmd/launch.go:31.54,34.32 3 0
deifzar/asmm8/cmd/launch.go:34.32,39.4 4 0
deifzar/asmm8/cmd/launch.go:39.9,40.39 1 0
deifzar/asmm8/cmd/launch.go:40.39,43.5 2 0
deifzar/asmm8/cmd/launch.go:44.4,44.42 1 0
deifzar/asmm8/cmd/launch.go:44.42,47.5 2 0
deifzar/asmm8/cmd/launch.go:48.4,53.14 4 0
deifzar/asmm8/cmd/launch.go:53.14,58.5 4 0
deifzar/asmm8/cmd/launch.go:60.4,62.18 3 0
deifzar/asmm8/cmd/launch.go:62.18,69.5 5 0
deifzar/asmm8/cmd/launch.go:70.4,77.14 6 0
deifzar/asmm8/cmd/launch.go:82.13,96.2 3 1
deifzar/asmm8/cmd/root.go:42.16,44.16 2 0
deifzar/asmm8/cmd/root.go:44.16,48.3 3 0
deifzar/asmm8/cmd/root.go:51.13,61.2 1 1
deifzar/asmm8/cmd/version.go:23.47,25.3 1 0
deifzar/asmm8/cmd/version.go:28.13,40.2 1 1
deifzar/asmm8/pkg/passive/passive.go:20.102,27.39 6 1
deifzar/asmm8/pkg/passive/passive.go:27.39,36.3 5 0
deifzar/asmm8/pkg/passive/passive.go:38.2,40.22 2 1
deifzar/asmm8/pkg/passive/passive.go:40.22,42.3 1 0
deifzar/asmm8/pkg/passive/passive.go:44.2,45.39 2 1
deifzar/asmm8/pkg/passive/passive.go:45.39,49.3 3 0
deifzar/asmm8/pkg/passive/passive.go:50.2,50.31 1 1
deifzar/asmm8/pkg/api8/api8.go:29.29,31.53 1 1
deifzar/asmm8/pkg/api8/api8.go:31.53,34.3 2 0
deifzar/asmm8/pkg/api8/api8.go:35.2,35.49 1 1
deifzar/asmm8/pkg/api8/api8.go:35.49,38.3 2 0
deifzar/asmm8/pkg/api8/api8.go:39.2,39.49 1 1
deifzar/asmm8/pkg/api8/api8.go:39.49,42.3 2 0
deifzar/asmm8/pkg/api8/api8.go:45.2,46.70 2 1
deifzar/asmm8/pkg/api8/api8.go:46.70,49.3 1 0
deifzar/asmm8/pkg/api8/api8.go:51.2,52.16 2 1
deifzar/asmm8/pkg/api8/api8.go:52.16,56.3 3 1
deifzar/asmm8/pkg/api8/api8.go:58.2,68.17 10 1
deifzar/asmm8/pkg/api8/api8.go:68.17,71.3 2 0
deifzar/asmm8/pkg/api8/api8.go:73.2,75.12 3 1
deifzar/asmm8/pkg/api8/api8.go:81.47,82.12 1 0
deifzar/asmm8/pkg/api8/api8.go:82.12,91.7 5 0
deifzar/asmm8/pkg/api8/api8.go:91.7,93.54 2 0
deifzar/asmm8/pkg/api8/api8.go:93.54,96.10 3 0
deifzar/asmm8/pkg/api8/api8.go:98.4,98.19 1 0
deifzar/asmm8/pkg/api8/api8.go:98.19,100.5 1 0
deifzar/asmm8/pkg/api8/api8.go:102.4,103.32 2 0
deifzar/asmm8/pkg/api8/api8.go:103.32,106.5 2 0
deifzar/asmm8/pkg/api8/api8.go:108.4,108.31 1 0
deifzar/asmm8/pkg/api8/api8.go:112.3,113.17 2 0
deifzar/asmm8/pkg/api8/api8.go:113.17,116.4 2 0
deifzar/asmm8/pkg/api8/api8.go:118.3,119.17 2 0
deifzar/asmm8/pkg/api8/api8.go:119.17,122.4 2 0
deifzar/asmm8/pkg/api8/api8.go:124.3,125.17 2 0
deifzar/asmm8/pkg/api8/api8.go:125.17,128.4 2 0
deifzar/asmm8/pkg/api8/api8.go:130.3,131.17 2 0
deifzar/asmm8/pkg/api8/api8.go:131.17,134.4 2 0
deifzar/asmm8/pkg/api8/api8.go:136.3,136.92 1 0
deifzar/asmm8/pkg/api8/api8.go:140.25,170.2 21 0
deifzar/asmm8/pkg/api8/api8.go:172.33,174.2 1 0
deifzar/asmm8/pkg/active/dnsx/dnsx.go:16.142,26.16 8 0
deifzar/asmm8/pkg/active/dnsx/dnsx.go:26.16,33.24 5 0
deifzar/asmm8/pkg/active/dnsx/dnsx.go:33.24,35.4 1 0
deifzar/asmm8/pkg/active/dnsx/dnsx.go:36.3,39.9 3 0
deifzar/asmm8/pkg/active/dnsx/dnsx.go:42.2,42.59 1 0
deifzar/asmm8/pkg/active/dnsx/dnsx.go:42.59,43.63 1 0
deifzar/asmm8/pkg/active/dnsx/dnsx.go:43.63,46.4 2 0
deifzar/asmm8/pkg/active/dnsx/dnsx.go:48.2,49.84 2 0
deifzar/asmm8/pkg/active/dnsx/dnsx.go:52.98,54.6 2 0
deifzar/asmm8/pkg/active/dnsx/dnsx.go:54.6,55.10 1 0
deifzar/asmm8/pkg/active/dnsx/dnsx.go:56.27,57.10 1 0
deifzar/asmm8/pkg/active/dnsx/dnsx.go:57.10,59.5 1 0
deifzar/asmm8/pkg/active/dnsx/dnsx.go:59.10,62.5 2 0
deifzar/asmm8/pkg/active/dnsx/dnsx.go:67.100,70.39 3 0
deifzar/asmm8/pkg/active/dnsx/dnsx.go:70.39,79.17 7 0
deifzar/asmm8/pkg/active/dnsx/dnsx.go:79.17,84.4 4 0
deifzar/asmm8/pkg/active/dnsx/dnsx.go:86.3,86.61 1 0
deifzar/asmm8/pkg/active/dnsx/dnsx.go:86.61,87.25 1 0
deifzar/asmm8/pkg/active/dnsx/dnsx.go:87.25,90.5 2 0
deifzar/asmm8/pkg/active/dnsx/dnsx.go:92.3,92.36 1 0
deifzar/asmm8/pkg/active/dnsx/dnsx.go:94.2,94.16 1 0
deifzar/asmm8/pkg/active/alterx/alterx.go:15.156,25.16 8 0
deifzar/asmm8/pkg/active/alterx/alterx.go:25.16,32.24 5 0
deifzar/asmm8/pkg/active/alterx/alterx.go:32.24,34.4 1 0
deifzar/asmm8/pkg/active/alterx/alterx.go:35.3,38.9 3 0
deifzar/asmm8/pkg/active/alterx/alterx.go:41.2,50.16 7 0
deifzar/asmm8/pkg/active/alterx/alterx.go:50.16,57.24 5 0
deifzar/asmm8/pkg/active/alterx/alterx.go:57.24,59.4 1 0
deifzar/asmm8/pkg/active/alterx/alterx.go:60.3,63.9 3 0
deifzar/asmm8/pkg/active/alterx/alterx.go:66.2,66.59 1 0
deifzar/asmm8/pkg/active/alterx/alterx.go:66.59,67.63 1 0
deifzar/asmm8/pkg/active/alterx/alterx.go:67.63,69.4 1 0
deifzar/asmm8/pkg/active/alterx/alterx.go:71.2,73.16 3 0
deifzar/asmm8/pkg/active/alterx/alterx.go:73.16,78.24 4 0
deifzar/asmm8/pkg/active/alterx/alterx.go:78.24,80.4 1 0
deifzar/asmm8/pkg/active/alterx/alterx.go:81.3,81.14 1 0
deifzar/asmm8/pkg/active/alterx/alterx.go:83.2,84.16 2 0
deifzar/asmm8/pkg/active/alterx/alterx.go:84.16,90.24 4 0
deifzar/asmm8/pkg/active/alterx/alterx.go:90.24,92.4 1 0
deifzar/asmm8/pkg/active/alterx/alterx.go:93.3,93.14 1 0
deifzar/asmm8/pkg/active/alterx/alterx.go:96.2,96.90 1 0
deifzar/asmm8/pkg/active/alterx/alterx.go:99.100,101.6 2 0
deifzar/asmm8/pkg/active/alterx/alterx.go:101.6,102.10 1 0
deifzar/asmm8/pkg/active/alterx/alterx.go:103.27,104.10 1 0
deifzar/asmm8/pkg/active/alterx/alterx.go:104.10,106.5 1 0
deifzar/asmm8/pkg/active/alterx/alterx.go:106.10,109.5 2 0
deifzar/asmm8/pkg/utils/utils.go:11.56,13.27 2 1
deifzar/asmm8/pkg/utils/utils.go:13.27,14.18 1 1
deifzar/asmm8/pkg/utils/utils.go:14.18,16.4 1 1
deifzar/asmm8/pkg/utils/utils.go:16.9,18.4 1 1
deifzar/asmm8/pkg/utils/utils.go:20.2,20.14 1 1
deifzar/asmm8/pkg/utils/utils.go:23.48,27.28 3 1
deifzar/asmm8/pkg/utils/utils.go:27.28,28.30 1 1
deifzar/asmm8/pkg/utils/utils.go:28.30,31.4 2 1
deifzar/asmm8/pkg/utils/utils.go:33.2,33.15 1 1
deifzar/asmm8/pkg/utils/utils.go:128.51,131.30 2 1
deifzar/asmm8/pkg/utils/utils.go:131.30,133.3 1 1
deifzar/asmm8/pkg/utils/utils.go:136.2,137.30 2 1
deifzar/asmm8/pkg/utils/utils.go:137.30,138.23 1 1
deifzar/asmm8/pkg/utils/utils.go:138.23,140.4 1 1
deifzar/asmm8/pkg/utils/utils.go:143.2,143.15 1 1
deifzar/asmm8/pkg/utils/utils.go:196.27,203.4 1 0
deifzar/asmm8/pkg/utils/utils.go:203.4,204.23 1 0
deifzar/asmm8/pkg/utils/utils.go:204.23,206.18 2 0
deifzar/asmm8/pkg/utils/utils.go:206.18,209.5 2 0
deifzar/asmm8/pkg/utils/utils.go:212.2,213.12 2 0
deifzar/asmm8/pkg/utils/utils.go:216.34,218.16 2 1
deifzar/asmm8/pkg/utils/utils.go:218.16,221.3 2 1
deifzar/asmm8/pkg/utils/utils.go:223.2,223.13 1 1
deifzar/asmm8/pkg/utils/utils.go:226.52,232.16 4 0
deifzar/asmm8/pkg/utils/utils.go:232.16,236.3 3 0
deifzar/asmm8/pkg/utils/utils.go:237.2,238.12 2 0
deifzar/asmm8/pkg/utils/utils.go:241.48,244.16 2 1
deifzar/asmm8/pkg/utils/utils.go:244.16,247.13 3 0
deifzar/asmm8/pkg/utils/utils.go:250.2,252.28 2 1
deifzar/asmm8/pkg/utils/utils.go:252.28,254.3 1 1
deifzar/asmm8/pkg/utils/utils.go:256.2,257.14 2 1
deifzar/asmm8/pkg/utils/utils.go:260.39,263.2 2 1
deifzar/asmm8/pkg/active/httpx/httpx.go:10.63,11.28 1 0
deifzar/asmm8/pkg/active/httpx/httpx.go:11.28,15.17 4 0
deifzar/asmm8/pkg/active/httpx/httpx.go:15.17,18.14 3 0
deifzar/asmm8/pkg/active/httpx/httpx.go:20.3,22.39 2 0
deifzar/asmm8/pkg/active/httpx/httpx.go:27.50,30.16 2 0
deifzar/asmm8/pkg/active/httpx/httpx.go:30.16,33.13 3 0
deifzar/asmm8/pkg/active/httpx/httpx.go:36.2,38.28 2 0
deifzar/asmm8/pkg/active/httpx/httpx.go:38.28,40.3 1 0
deifzar/asmm8/pkg/active/httpx/httpx.go:42.2,43.14 2 0
deifzar/asmm8/pkg/controller8/controller8_asmm8.go:32.85,34.16 2 0
deifzar/asmm8/pkg/controller8/controller8_asmm8.go:34.16,37.3 2 0
deifzar/asmm8/pkg/controller8/controller8_asmm8.go:38.2,38.62 1 0
deifzar/asmm8/pkg/controller8/controller8_asmm8.go:41.56,47.2 1 0
deifzar/asmm8/pkg/controller8/controller8_asmm8.go:49.59,52.36 3 0
deifzar/asmm8/pkg/controller8/controller8_asmm8.go:52.36,55.3 2 0
deifzar/asmm8/pkg/controller8/controller8_asmm8.go:56.2,57.15 2 0
deifzar/asmm8/pkg/controller8/controller8_asmm8.go:57.15,59.3 1 0
deifzar/asmm8/pkg/controller8/controller8_asmm8.go:61.2,64.128 3 0
deifzar/asmm8/pkg/controller8/controller8_asmm8.go:64.128,66.3 1 0
deifzar/asmm8/pkg/controller8/controller8_asmm8.go:68.2,69.15 2 0
deifzar/asmm8/pkg/controller8/controller8_asmm8.go:69.15,71.3 1 0
deifzar/asmm8/pkg/controller8/controller8_asmm8.go:73.2,73.28 1 0
deifzar/asmm8/pkg/controller8/controller8_asmm8.go:73.28,83.3 1 0
deifzar/asmm8/pkg/controller8/controller8_asmm8.go:83.8,93.3 1 0
deifzar/asmm8/pkg/controller8/controller8_asmm8.go:97.109,98.14 1 0
deifzar/asmm8/pkg/controller8/controller8_asmm8.go:98.14,103.3 4 0
deifzar/asmm8/pkg/controller8/controller8_asmm8.go:106.55,109.70 2 0
deifzar/asmm8/pkg/controller8/controller8_asmm8.go:109.70,112.3 1 0
deifzar/asmm8/pkg/controller8/controller8_asmm8.go:114.2,116.26 3 0
deifzar/asmm8/pkg/controller8/controller8_asmm8.go:116.26,117.72 1 0
deifzar/asmm8/pkg/controller8/controller8_asmm8.go:117.72,120.4 2 0
deifzar/asmm8/pkg/controller8/controller8_asmm8.go:124.2,127.58 4 0
deifzar/asmm8/pkg/controller8/controller8_asmm8.go:127.58,131.17 4 0
deifzar/asmm8/pkg/controller8/controller8_asmm8.go:131.17,136.23 3 0
deifzar/asmm8/pkg/controller8/controller8_asmm8.go:136.23,139.5 1 0
deifzar/asmm8/pkg/controller8/controller8_asmm8.go:140.4,141.10 2 0
deifzar/asmm8/pkg/controller8/controller8_asmm8.go:143.3,143.19 1 0
deifzar/asmm8/pkg/controller8/controller8_asmm8.go:143.19,148.23 3 0
deifzar/asmm8/pkg/controller8/controller8_asmm8.go:148.23,151.5 1 0
deifzar/asmm8/pkg/controller8/controller8_asmm8.go:152.4,153.10 2 0
deifzar/asmm8/pkg/controller8/controller8_asmm8.go:156.3,157.17 2 0
deifzar/asmm8/pkg/controller8/controller8_asmm8.go:157.17,162.23 3 0
deifzar/asmm8/pkg/controller8/controller8_asmm8.go:162.23,165.5 1 0
deifzar/asmm8/pkg/controller8/controller8_asmm8.go:166.4,167.10 2 0
deifzar/asmm8/pkg/controller8/controller8_asmm8.go:169.3,172.38 3 0
deifzar/asmm8/pkg/controller8/controller8_asmm8.go:173.8,178.22 3 0
deifzar/asmm8/pkg/controller8/controller8_asmm8.go:178.22,180.4 1 0
deifzar/asmm8/pkg/controller8/controller8_asmm8.go:181.3,182.9 2 0
deifzar/asmm8/pkg/controller8/controller8_asmm8.go:186.57,189.70 2 0
deifzar/asmm8/pkg/controller8/controller8_asmm8.go:189.70,192.3 1 0
deifzar/asmm8/pkg/controller8/controller8_asmm8.go:193.2,196.16 4 0
deifzar/asmm8/pkg/controller8/controller8_asmm8.go:196.16,201.3 4 0
deifzar/asmm8/pkg/controller8/controller8_asmm8.go:202.2,202.18 1 0
deifzar/asmm8/pkg/controller8/controller8_asmm8.go:202.18,207.3 3 0
deifzar/asmm8/pkg/controller8/controller8_asmm8.go:209.2,210.16 2 0
deifzar/asmm8/pkg/controller8/controller8_asmm8.go:210.16,214.3 3 0
deifzar/asmm8/pkg/controller8/controller8_asmm8.go:215.2,218.28 3 0
deifzar/asmm8/pkg/controller8/controller8_asmm8.go:221.58,224.70 2 0
deifzar/asmm8/pkg/controller8/controller8_asmm8.go:224.70,227.3 1 0
deifzar/asmm8/pkg/controller8/controller8_asmm8.go:228.2,231.16 4 0
deifzar/asmm8/pkg/controller8/controller8_asmm8.go:231.16,236.3 4 0
deifzar/asmm8/pkg/controller8/controller8_asmm8.go:237.2,237.18 1 0
deifzar/asmm8/pkg/controller8/controller8_asmm8.go:237.18,242.3 3 0
deifzar/asmm8/pkg/controller8/controller8_asmm8.go:244.2,245.16 2 0
deifzar/asmm8/pkg/controller8/controller8_asmm8.go:245.16,249.3 3 0
deifzar/asmm8/pkg/controller8/controller8_asmm8.go:250.2,252.19 3 0
deifzar/asmm8/pkg/controller8/controller8_asmm8.go:255.59,258.70 2 0
deifzar/asmm8/pkg/controller8/controller8_asmm8.go:258.70,261.3 1 0
deifzar/asmm8/pkg/controller8/controller8_asmm8.go:262.2,265.16 4 0
deifzar/asmm8/pkg/controller8/controller8_asmm8.go:265.16,270.3 4 0
deifzar/asmm8/pkg/controller8/controller8_asmm8.go:271.2,271.18 1 0
deifzar/asmm8/pkg/controller8/controller8_asmm8.go:271.18,276.3 3 0
deifzar/asmm8/pkg/controller8/controller8_asmm8.go:278.2,279.16 2 0
deifzar/asmm8/pkg/controller8/controller8_asmm8.go:279.16,283.3 3 0
deifzar/asmm8/pkg/controller8/controller8_asmm8.go:284.2,286.21 3 0
deifzar/asmm8/pkg/controller8/controller8_asmm8.go:292.95,298.14 5 0
deifzar/asmm8/pkg/controller8/controller8_asmm8.go:298.14,299.16 1 0
deifzar/asmm8/pkg/controller8/controller8_asmm8.go:299.16,301.32 1 0
deifzar/asmm8/pkg/controller8/controller8_asmm8.go:301.32,305.5 3 0
deifzar/asmm8/pkg/controller8/controller8_asmm8.go:307.4,309.18 2 0
deifzar/asmm8/pkg/controller8/controller8_asmm8.go:309.18,314.5 1 0
deifzar/asmm8/pkg/controller8/controller8_asmm8.go:314.10,314.29 1 0
deifzar/asmm8/pkg/controller8/controller8_asmm8.go:314.29,319.5 1 0
deifzar/asmm8/pkg/controller8/controller8_asmm8.go:319.10,324.5 1 0
deifzar/asmm8/pkg/controller8/controller8_asmm8.go:325.4,327.21 3 0
deifzar/asmm8/pkg/controller8/controller8_asmm8.go:327.21,332.24 4 0
deifzar/asmm8/pkg/controller8/controller8_asmm8.go:332.24,340.6 2 0
deifzar/asmm8/pkg/controller8/controller8_asmm8.go:341.10,343.5 1 0
deifzar/asmm8/pkg/controller8/controller8_asmm8.go:345.4,345.23 1 0
deifzar/asmm8/pkg/controller8/controller8_asmm8.go:345.23,347.22 2 0
deifzar/asmm8/pkg/controller8/controller8_asmm8.go:347.22,349.6 1 0
deifzar/asmm8/pkg/controller8/controller8_asmm8.go:354.2,360.28 6 0
deifzar/asmm8/pkg/controller8/controller8_asmm8.go:360.28,364.17 4 0
deifzar/asmm8/pkg/controller8/controller8_asmm8.go:364.17,368.4 3 0
deifzar/asmm8/pkg/controller8/controller8_asmm8.go:371.2,374.16 3 0
deifzar/asmm8/pkg/controller8/controller8_asmm8.go:374.16,377.3 2 0
deifzar/asmm8/pkg/controller8/controller8_asmm8.go:378.2,386.16 7 0
deifzar/asmm8/pkg/controller8/controller8_asmm8.go:386.16,389.3 2 0
deifzar/asmm8/pkg/controller8/controller8_asmm8.go:390.2,396.16 7 0
deifzar/asmm8/pkg/controller8/controller8_asmm8.go:396.16,399.3 2 0
deifzar/asmm8/pkg/controller8/controller8_asmm8.go:399.8,399.53 1 0
deifzar/asmm8/pkg/controller8/controller8_asmm8.go:399.53,401.3 1 0
deifzar/asmm8/pkg/controller8/controller8_asmm8.go:402.2,404.28 3 0
deifzar/asmm8/pkg/controller8/controller8_asmm8.go:404.28,406.17 2 0
deifzar/asmm8/pkg/controller8/controller8_asmm8.go:406.17,410.4 3 0
deifzar/asmm8/pkg/controller8/controller8_asmm8.go:411.3,411.34 1 0
deifzar/asmm8/pkg/controller8/controller8_asmm8.go:411.34,413.4 1 0
deifzar/asmm8/pkg/controller8/controller8_asmm8.go:416.2,417.22 2 0
deifzar/asmm8/pkg/controller8/controller8_asmm8.go:417.22,421.3 2 0
deifzar/asmm8/pkg/controller8/controller8_asmm8.go:422.2,422.72 1 0
deifzar/asmm8/pkg/controller8/controller8_asmm8.go:425.61,431.28 5 0
deifzar/asmm8/pkg/controller8/controller8_asmm8.go:431.28,434.17 3 0
deifzar/asmm8/pkg/controller8/controller8_asmm8.go:434.17,437.4 2 0
deifzar/asmm8/pkg/controller8/controller8_asmm8.go:439.2,442.16 3 0
deifzar/asmm8/pkg/controller8/controller8_asmm8.go:442.16,444.3 1 0
deifzar/asmm8/pkg/controller8/controller8_asmm8.go:445.2,450.16 6 0
deifzar/asmm8/pkg/controller8/controller8_asmm8.go:450.16,453.3 2 0
deifzar/asmm8/pkg/controller8/controller8_asmm8.go:454.2,454.46 1 0
deifzar/asmm8/pkg/controller8/controller8_asmm8.go:454.46,456.3 1 0
deifzar/asmm8/pkg/controller8/controller8_asmm8.go:458.2,460.28 3 0
deifzar/asmm8/pkg/controller8/controller8_asmm8.go:460.28,462.17 2 0
deifzar/asmm8/pkg/controller8/controller8_asmm8.go:462.17,465.4 2 0
deifzar/asmm8/pkg/controller8/controller8_asmm8.go:466.3,466.13 1 0
deifzar/asmm8/pkg/controller8/controller8_asmm8.go:466.13,469.4 1 0
deifzar/asmm8/pkg/controller8/controller8_asmm8.go:472.2,472.74 1 0
deifzar/asmm8/pkg/controller8/controller8_asmm8.go:475.69,484.28 7 0
deifzar/asmm8/pkg/controller8/controller8_asmm8.go:484.28,486.17 2 0
deifzar/asmm8/pkg/controller8/controller8_asmm8.go:486.17,490.4 3 0
deifzar/asmm8/pkg/controller8/controller8_asmm8.go:491.3,491.58 1 0
deifzar/asmm8/pkg/controller8/controller8_asmm8.go:493.2,496.28 3 0
deifzar/asmm8/pkg/controller8/controller8_asmm8.go:496.28,497.36 1 0
deifzar/asmm8/pkg/controller8/controller8_asmm8.go:497.36,499.18 2 0
deifzar/asmm8/pkg/controller8/controller8_asmm8.go:499.18,502.5 2 0
deifzar/asmm8/pkg/controller8/controller8_asmm8.go:502.10,504.5 1 0
deifzar/asmm8/pkg/controller8/controller8_asmm8.go:505.9,508.35 2 0
deifzar/asmm8/pkg/controller8/controller8_asmm8.go:508.35,509.47 1 0
deifzar/asmm8/pkg/controller8/controller8_asmm8.go:509.47,511.20 2 0
deifzar/asmm8/pkg/controller8/controller8_asmm8.go:511.20,514.7 2 0
deifzar/asmm8/pkg/controller8/controller8_asmm8.go:514.12,516.7 1 0
deifzar/asmm8/pkg/controller8/controller8_asmm8.go:521.2,521.12 1 0
deifzar/asmm8/pkg/controller8/controller8_asmm8.go:524.103,527.16 3 0
deifzar/asmm8/pkg/controller8/controller8_asmm8.go:527.16,529.3 1 0
deifzar/asmm8/pkg/controller8/controller8_asmm8.go:529.8,531.26 2 0
deifzar/asmm8/pkg/controller8/controller8_asmm8.go:531.26,533.4 1 0
deifzar/asmm8/pkg/controller8/controller8_asmm8.go:534.3,534.25 1 0
deifzar/asmm8/pkg/controller8/controller8_domain8.go:19.68,21.2 1 1
deifzar/asmm8/pkg/controller8/controller8_domain8.go:23.59,26.46 3 1
deifzar/asmm8/pkg/controller8/controller8_domain8.go:26.46,31.3 4 1
deifzar/asmm8/pkg/controller8/controller8_domain8.go:32.2,34.16 3 1
deifzar/asmm8/pkg/controller8/controller8_domain8.go:34.16,39.3 4 0
deifzar/asmm8/pkg/controller8/controller8_domain8.go:40.2,41.12 2 1
deifzar/asmm8/pkg/controller8/controller8_domain8.go:41.12,45.3 3 1
deifzar/asmm8/pkg/controller8/controller8_domain8.go:45.8,51.3 4 0
deifzar/asmm8/pkg/controller8/controller8_domain8.go:54.59,58.16 4 1
deifzar/asmm8/pkg/controller8/controller8_domain8.go:58.16,63.3 4 0
deifzar/asmm8/pkg/controller8/controller8_domain8.go:63.8,67.3 3 1
deifzar/asmm8/pkg/controller8/controller8_domain8.go:70.59,73.46 3 1
deifzar/asmm8/pkg/controller8/controller8_domain8.go:73.46,78.3 4 1
deifzar/asmm8/pkg/controller8/controller8_domain8.go:79.2,81.16 3 1
deifzar/asmm8/pkg/controller8/controller8_domain8.go:81.16,86.3 4 0
deifzar/asmm8/pkg/controller8/controller8_domain8.go:87.2,88.16 2 1
deifzar/asmm8/pkg/controller8/controller8_domain8.go:88.16,92.3 3 0
deifzar/asmm8/pkg/controller8/controller8_domain8.go:92.8,96.3 3 1
deifzar/asmm8/pkg/controller8/controller8_domain8.go:99.59,103.48 4 1
deifzar/asmm8/pkg/controller8/controller8_domain8.go:103.48,108.3 4 1
deifzar/asmm8/pkg/controller8/controller8_domain8.go:109.2,109.46 1 1
deifzar/asmm8/pkg/controller8/controller8_domain8.go:109.46,114.3 4 1
deifzar/asmm8/pkg/controller8/controller8_domain8.go:115.2,117.16 3 1
deifzar/asmm8/pkg/controller8/controller8_domain8.go:117.16,122.3 4 0
deifzar/asmm8/pkg/controller8/controller8_domain8.go:123.2,124.16 2 1
deifzar/asmm8/pkg/controller8/controller8_domain8.go:124.16,129.3 4 0
deifzar/asmm8/pkg/controller8/controller8_domain8.go:129.8,133.3 3 1
deifzar/asmm8/pkg/controller8/controller8_domain8.go:136.59,139.48 3 1
deifzar/asmm8/pkg/controller8/controller8_domain8.go:139.48,144.3 4 1
deifzar/asmm8/pkg/controller8/controller8_domain8.go:145.2,147.16 3 1
deifzar/asmm8/pkg/controller8/controller8_domain8.go:147.16,152.3 4 0
deifzar/asmm8/pkg/controller8/controller8_domain8.go:152.8,156.3 3 1
deifzar/asmm8/pkg/controller8/controller8_hostname8.go:21.72,23.2 1 1
deifzar/asmm8/pkg/controller8/controller8_hostname8.go:25.63,28.46 3 1
deifzar/asmm8/pkg/controller8/controller8_hostname8.go:28.46,33.3 4 1
deifzar/asmm8/pkg/controller8/controller8_hostname8.go:34.2,36.16 3 1
deifzar/asmm8/pkg/controller8/controller8_hostname8.go:36.16,41.3 4 0
deifzar/asmm8/pkg/controller8/controller8_hostname8.go:42.2,43.16 2 1
deifzar/asmm8/pkg/controller8/controller8_hostname8.go:43.16,48.3 4 0
deifzar/asmm8/pkg/controller8/controller8_hostname8.go:49.2,50.74 2 1
deifzar/asmm8/pkg/controller8/controller8_hostname8.go:53.63,57.16 4 1
deifzar/asmm8/pkg/controller8/controller8_hostname8.go:57.16,62.3 4 0
deifzar/asmm8/pkg/controller8/controller8_hostname8.go:63.2,64.66 2 1
deifzar/asmm8/pkg/controller8/controller8_hostname8.go:67.63,70.46 3 1
deifzar/asmm8/pkg/controller8/controller8_hostname8.go:70.46,75.3 4 1
deifzar/asmm8/pkg/controller8/controller8_hostname8.go:76.2,78.16 3 1
deifzar/asmm8/pkg/controller8/controller8_hostname8.go:78.16,83.3 4 0
deifzar/asmm8/pkg/controller8/controller8_hostname8.go:84.2,85.16 2 1
deifzar/asmm8/pkg/controller8/controller8_hostname8.go:85.16,90.3 4 0
deifzar/asmm8/pkg/controller8/controller8_hostname8.go:91.2,92.16 2 1
deifzar/asmm8/pkg/controller8/controller8_hostname8.go:92.16,96.3 3 0
deifzar/asmm8/pkg/controller8/controller8_hostname8.go:97.2,98.66 2 1
deifzar/asmm8/pkg/controller8/controller8_hostname8.go:101.63,105.48 4 1
deifzar/asmm8/pkg/controller8/controller8_hostname8.go:105.48,110.3 4 1
deifzar/asmm8/pkg/controller8/controller8_hostname8.go:111.2,111.46 1 1
deifzar/asmm8/pkg/controller8/controller8_hostname8.go:111.46,116.3 4 0
deifzar/asmm8/pkg/controller8/controller8_hostname8.go:117.2,118.16 2 1
deifzar/asmm8/pkg/controller8/controller8_hostname8.go:118.16,123.3 4 0
deifzar/asmm8/pkg/controller8/controller8_hostname8.go:124.2,125.16 2 1
deifzar/asmm8/pkg/controller8/controller8_hostname8.go:125.16,130.3 4 0
deifzar/asmm8/pkg/controller8/controller8_hostname8.go:131.2,133.16 3 1
deifzar/asmm8/pkg/controller8/controller8_hostname8.go:133.16,138.3 4 0
deifzar/asmm8/pkg/controller8/controller8_hostname8.go:139.2,140.66 2 1
deifzar/asmm8/pkg/controller8/controller8_hostname8.go:143.63,147.48 4 1
deifzar/asmm8/pkg/controller8/controller8_hostname8.go:147.48,152.3 4 1
deifzar/asmm8/pkg/controller8/controller8_hostname8.go:153.2,153.46 1 1
deifzar/asmm8/pkg/controller8/controller8_hostname8.go:153.46,158.3 4 1
deifzar/asmm8/pkg/controller8/controller8_hostname8.go:159.2,160.16 2 0
deifzar/asmm8/pkg/controller8/controller8_hostname8.go:160.16,165.3 4 0
deifzar/asmm8/pkg/controller8/controller8_hostname8.go:166.2,168.16 3 0
deifzar/asmm8/pkg/controller8/controller8_hostname8.go:168.16,173.3 4 0
deifzar/asmm8/pkg/controller8/controller8_hostname8.go:174.2,175.68 2 0
deifzar/asmm8/pkg/log8/log8.go:24.51,26.17 1 1
deifzar/asmm8/pkg/log8/log8.go:26.17,52.17 9 1
deifzar/asmm8/pkg/log8/log8.go:52.17,55.4 1 1
deifzar/asmm8/pkg/log8/log8.go:55.9,57.18 2 0
deifzar/asmm8/pkg/log8/log8.go:57.18,59.5 1 0
deifzar/asmm8/pkg/log8/log8.go:60.4,60.40 1 0
deifzar/asmm8/pkg/log8/log8.go:60.40,62.5 1 0
deifzar/asmm8/pkg/log8/log8.go:65.3,68.9 3 1
deifzar/asmm8/pkg/log8/log8.go:68.9,69.41 1 1
deifzar/asmm8/pkg/log8/log8.go:69.41,70.32 1 1
deifzar/asmm8/pkg/log8/log8.go:70.32,72.11 2 0
deifzar/asmm8/pkg/log8/log8.go:86.3,94.12 1 1
deifzar/asmm8/pkg/log8/log8.go:98.2,98.19 1 1
deifzar/asmm8/pkg/passive/httpx/httpx.go:10.33,14.16 4 0
deifzar/asmm8/pkg/passive/httpx/httpx.go:14.16,17.13 3 0
deifzar/asmm8/pkg/passive/httpx/httpx.go:19.2,21.28 2 0
deifzar/asmm8/pkg/passive/httpx/httpx.go:25.35,28.16 2 0
deifzar/asmm8/pkg/passive/httpx/httpx.go:28.16,31.13 3 0
deifzar/asmm8/pkg/passive/httpx/httpx.go:34.2,36.28 2 0
deifzar/asmm8/pkg/passive/httpx/httpx.go:36.28,38.3 1 0
deifzar/asmm8/pkg/passive/httpx/httpx.go:40.2,41.14 2 0
deifzar/asmm8/pkg/passive/subfinder/subfinder.go:13.117,23.16 8 0
deifzar/asmm8/pkg/passive/subfinder/subfinder.go:23.16,30.24 5 0
deifzar/asmm8/pkg/passive/subfinder/subfinder.go:30.24,32.4 1 0
deifzar/asmm8/pkg/passive/subfinder/subfinder.go:33.3,36.9 3 0
deifzar/asmm8/pkg/passive/subfinder/subfinder.go:39.2,39.59 1 0
deifzar/asmm8/pkg/passive/subfinder/subfinder.go:39.59,40.63 1 0
deifzar/asmm8/pkg/passive/subfinder/subfinder.go:40.63,42.4 1 0
deifzar/asmm8/pkg/passive/subfinder/subfinder.go:44.2,45.82 2 0
deifzar/asmm8/pkg/passive/subfinder/subfinder.go:48.103,50.6 2 0
deifzar/asmm8/pkg/passive/subfinder/subfinder.go:50.6,51.10 1 0
deifzar/asmm8/pkg/passive/subfinder/subfinder.go:52.27,53.10 1 0
deifzar/asmm8/pkg/passive/subfinder/subfinder.go:53.10,55.5 1 0
deifzar/asmm8/pkg/passive/subfinder/subfinder.go:55.10,58.5 2 0
deifzar/asmm8/pkg/passive/amass/amass.go:21.79,31.16 8 0
deifzar/asmm8/pkg/passive/amass/amass.go:31.16,37.3 5 0
deifzar/asmm8/pkg/passive/amass/amass.go:38.2,46.16 7 0
deifzar/asmm8/pkg/passive/amass/amass.go:46.16,52.3 5 0
deifzar/asmm8/pkg/passive/amass/amass.go:54.2,54.60 1 0
deifzar/asmm8/pkg/passive/amass/amass.go:54.60,55.63 1 0
deifzar/asmm8/pkg/passive/amass/amass.go:55.63,57.4 1 0
deifzar/asmm8/pkg/passive/amass/amass.go:59.2,60.75 2 0
deifzar/asmm8/pkg/passive/amass/amass.go:63.99,65.6 2 0
deifzar/asmm8/pkg/passive/amass/amass.go:65.6,66.10 1 0
deifzar/asmm8/pkg/passive/amass/amass.go:67.27,68.10 1 0
deifzar/asmm8/pkg/passive/amass/amass.go:68.10,70.5 1 0
deifzar/asmm8/pkg/passive/amass/amass.go:70.10,73.5 2 0
